2025-04-18 00:13:53,192 - INFO - Client 137898990251024 connected
2025-04-18 00:20:24,881 - INFO - Client 137898990251024 disconnected: 1006, 
2025-04-18 00:20:24,881 - INFO - Client 137898990251024 connection closed
2025-04-18 00:24:52,647 - INFO - Client 137898988872992 connected
2025-04-18 00:24:55,775 - INFO - Client 137898988872992 disconnected: 1000, 
2025-04-18 00:24:55,775 - INFO - Client 137898988872992 connection closed
2025-04-18 00:24:57,763 - INFO - Client 137898086659376 connected
2025-04-18 00:25:07,452 - INFO - Client 137898086659376 disconnected: 1000, 
2025-04-18 00:25:07,452 - INFO - Client 137898086659376 connection closed
2025-04-18 00:25:18,818 - INFO - Client 137898085167952 connected
2025-04-18 00:25:22,199 - INFO - Client 137898084125520 connected
2025-04-18 00:25:22,762 - INFO - Client 137898084125520 disconnected: 1000, 
2025-04-18 00:25:22,762 - INFO - Client 137898084125520 connection closed
2025-04-18 00:25:36,901 - INFO - Client 137898084507216 connected
2025-04-18 00:25:38,564 - INFO - Client 137898084507216 disconnected: 1000, 
2025-04-18 00:25:38,564 - INFO - Client 137898084507216 connection closed
2025-04-18 00:25:40,452 - INFO - Client 137898084108560 connected
2025-04-18 00:25:41,833 - INFO - Client 137898084108560 disconnected: 1000, 
2025-04-18 00:25:41,834 - INFO - Client 137898084108560 connection closed
2025-04-18 00:25:53,559 - ERROR - Unexpected error with client 137898085167952: 'bytes'
2025-04-18 00:25:53,559 - INFO - Client 137898085167952 connection closed
2025-04-18 00:27:22,503 - INFO - Client 137903293393872 connected
2025-04-18 00:27:24,467 - INFO - Client 137903293393872 disconnected: 1000, 
2025-04-18 00:27:24,467 - INFO - Client 137903293393872 connection closed
2025-04-18 00:27:30,517 - INFO - Client 137898085969504 connected
2025-04-18 00:27:46,283 - INFO - Client 137898085969504 disconnected: 1000, 
2025-04-18 00:27:46,283 - INFO - Client 137898085969504 connection closed
2025-04-18 00:28:21,129 - INFO - Client 137898084089712 connected
2025-04-18 00:28:59,421 - INFO - Client 137898084089712 disconnected: 1000, 
2025-04-18 00:28:59,421 - INFO - Client 137898084089712 connection closed
2025-04-18 00:29:01,217 - INFO - Client 137898085866896 connected
2025-04-18 00:29:09,662 - INFO - Client 137898085866896 disconnected: 1000, 
2025-04-18 00:29:09,662 - INFO - Client 137898085866896 connection closed
2025-04-18 00:32:49,955 - INFO - Client 137898085867616 connected
2025-04-18 00:33:03,975 - INFO - Client 137898085867616 disconnected: 1000, 
2025-04-18 00:33:03,975 - INFO - Client 137898085867616 connection closed
2025-04-18 00:44:34,522 - INFO - Client 137898085867616 connected
2025-04-18 00:47:33,414 - INFO - Client 137898085867616 disconnected: 1000, 
2025-04-18 00:47:33,414 - INFO - Client 137898085867616 connection closed
2025-04-18 15:24:24,648 - INFO - Client 138204213684944 connected
2025-04-18 15:25:27,900 - INFO - Client 138204212156432 connected
2025-04-18 15:30:12,230 - INFO - Client 138204212156432 disconnected: 1000, 
2025-04-18 15:30:12,230 - INFO - Client 138204212156432 connection closed
2025-04-18 15:32:14,839 - INFO - Client 138204211621776 connected
2025-04-18 15:35:02,241 - INFO - Client 138204211621776 disconnected: 1000, 
2025-04-18 15:35:02,241 - INFO - Client 138204211621776 connection closed
2025-04-18 15:40:20,797 - INFO - Client 138204213684944 disconnected: 1012, 
2025-04-18 15:40:20,798 - INFO - Client 138204213684944 connection closed
2025-04-18 15:40:49,969 - INFO - Client 129056015429904 connected
2025-04-18 15:41:22,768 - INFO - Client 129056015429904 disconnected: 1006, 
2025-04-18 15:41:22,768 - INFO - Client 129056015429904 connection closed
2025-04-18 15:41:59,906 - INFO - Client 128972841414928 connected
2025-04-18 15:42:19,027 - INFO - Client 128972841414928 disconnected: 1000, 
2025-04-18 15:42:19,027 - INFO - Client 128972841414928 connection closed
2025-04-18 15:45:41,436 - INFO - Client 132812895432976 connected
2025-04-18 15:45:50,394 - INFO - Client 132812895432976 disconnected: 1000, 
2025-04-18 15:45:50,394 - INFO - Client 132812895432976 connection closed
2025-04-18 15:46:09,974 - INFO - Client 132811986281456 connected
2025-04-18 15:46:30,930 - INFO - Client 132811986281456 disconnected: 1006, 
2025-04-18 15:46:30,930 - INFO - Client 132811986281456 connection closed
2025-04-18 15:47:26,120 - INFO - Client 131718154842384 connected
2025-04-18 15:47:28,292 - ERROR - Unexpected error with client 131718154842384: cannot access local variable 'label' where it is not associated with a value
2025-04-18 15:47:28,292 - INFO - Client 131718154842384 connection closed
2025-04-18 15:49:32,668 - INFO - Client 131717245689040 connected
2025-04-18 15:49:33,250 - ERROR - Unexpected error with client 131717245689040: cannot access local variable 'label' where it is not associated with a value
2025-04-18 15:49:33,250 - INFO - Client 131717245689040 connection closed
2025-04-18 15:52:57,530 - INFO - Client 129707146572048 connected
2025-04-18 15:53:00,797 - ERROR - Unexpected error with client 129707146572048: cannot access local variable 'label' where it is not associated with a value
2025-04-18 15:53:00,797 - INFO - Client 129707146572048 connection closed
2025-04-18 15:55:47,880 - INFO - Client 129706236337360 connected
2025-04-18 15:55:48,109 - ERROR - Unexpected error with client 129706236337360: cannot access local variable 'label' where it is not associated with a value
2025-04-18 15:55:48,109 - INFO - Client 129706236337360 connection closed
2025-04-18 17:10:05,510 - INFO - Client 134856539600400 connected
2025-04-18 17:10:27,237 - INFO - Client 134856539600400 disconnected: 1000, 
2025-04-18 17:10:27,237 - INFO - Client 134856539600400 connection closed
2025-04-18 17:10:41,960 - INFO - Client 134856537822032 connected
2025-04-18 17:10:51,905 - INFO - Client 134856537822032 disconnected: 1000, 
2025-04-18 17:10:51,905 - INFO - Client 134856537822032 connection closed
2025-04-18 17:10:54,997 - INFO - Client 134855631898672 connected
2025-04-18 17:11:07,990 - INFO - Client 134855631898672 disconnected: 1000, 
2025-04-18 17:11:07,990 - INFO - Client 134855631898672 connection closed
2025-04-18 17:11:14,760 - INFO - Client 134855632977120 connected
2025-04-18 17:16:07,560 - INFO - Client 134855632977120 disconnected: 1000, 
2025-04-18 17:16:07,560 - INFO - Client 134855632977120 connection closed
2025-04-18 21:34:12,015 - INFO - Client 138414002496976 connected
2025-04-18 21:35:08,823 - INFO - Client 138414002496976 disconnected: 1000, 
2025-04-18 21:35:08,824 - INFO - Client 138414002496976 connection closed
2025-04-19 13:18:11,410 - INFO - Client 129983353026064 connected
2025-04-19 13:18:16,540 - INFO - Client 129983353026064 disconnected: 1000, 
2025-04-19 13:18:16,540 - INFO - Client 129983353026064 connection closed
2025-04-19 13:18:18,634 - INFO - Client 129982440807936 connected
2025-04-19 13:18:23,311 - INFO - Client 129982440807936 disconnected: 1000, 
2025-04-19 13:18:23,311 - INFO - Client 129982440807936 connection closed
2025-04-19 13:22:38,890 - INFO - Client 126020465522192 connected
2025-04-19 13:22:40,452 - INFO - Client 126020465522192 disconnected: 1000, 
2025-04-19 13:22:40,452 - INFO - Client 126020465522192 connection closed
2025-04-19 13:22:42,052 - INFO - Client 126019557399760 connected
2025-04-19 13:22:52,854 - INFO - Client 126019557399760 disconnected: 1000, 
2025-04-19 13:22:52,854 - INFO - Client 126019557399760 connection closed
2025-04-19 13:23:21,656 - INFO - Client 126019557721584 connected
2025-04-19 13:23:36,523 - INFO - Client 126019557721584 disconnected: 1000, 
2025-04-19 13:23:36,523 - INFO - Client 126019557721584 connection closed
2025-04-19 13:38:36,681 - INFO - Client 127640067681936 connected
2025-04-19 13:38:45,424 - INFO - Client 127640067681936 disconnected: 1000, 
2025-04-19 13:38:45,424 - INFO - Client 127640067681936 connection closed
2025-04-19 13:38:59,002 - INFO - Client 127639157483088 connected
2025-04-19 13:39:00,942 - INFO - Client 127639157483088 disconnected: 1000, 
2025-04-19 13:39:00,943 - INFO - Client 127639157483088 connection closed
2025-04-19 13:39:05,041 - INFO - Client 127639157801616 connected
2025-04-19 13:40:36,850 - INFO - Client 127639157801616 disconnected: 1000, 
2025-04-19 13:40:36,850 - INFO - Client 127639157801616 connection closed
2025-04-19 13:46:08,164 - INFO - Client 127639158882048 connected
2025-04-19 13:46:08,402 - INFO - Client 127639158882048 disconnected: 1000, 
2025-04-19 13:46:08,402 - INFO - Client 127639158882048 connection closed
2025-04-19 13:46:10,416 - INFO - Client 127639160255568 connected
2025-04-19 13:46:12,156 - INFO - Client 127639160255568 disconnected: 1000, 
2025-04-19 13:46:12,157 - INFO - Client 127639160255568 connection closed
2025-04-19 13:46:14,804 - INFO - Client 127639159206640 connected
2025-04-19 13:49:21,197 - INFO - Client 127639159206640 disconnected: 1000, 
2025-04-19 13:49:21,197 - INFO - Client 127639159206640 connection closed
2025-04-19 14:14:12,824 - INFO - Client 139914786644816 connected
2025-04-19 14:15:10,886 - INFO - Client 139914786644816 disconnected: 1006, 
2025-04-19 14:15:10,886 - INFO - Client 139914786644816 connection closed
2025-04-19 14:16:06,640 - INFO - Client 139914787032112 connected
2025-04-19 14:16:35,499 - INFO - Client 139914787032112 disconnected: 1000, 
2025-04-19 14:16:35,499 - INFO - Client 139914787032112 connection closed
2025-04-19 14:16:44,546 - INFO - Client 139914778802608 connected
2025-04-19 14:17:07,687 - INFO - Client 139914778802608 disconnected: 1000, 
2025-04-19 14:17:07,687 - INFO - Client 139914778802608 connection closed
2025-04-19 14:17:17,033 - INFO - Client 139913883235968 connected
2025-04-19 14:17:29,627 - INFO - Client 139913883235968 disconnected: 1000, 
2025-04-19 14:17:29,627 - INFO - Client 139913883235968 connection closed
2025-04-19 14:27:39,592 - INFO - Client 129981748933520 connected
2025-04-19 14:27:41,936 - ERROR - Unexpected error with client 129981748933520: only one element tensors can be converted to Python scalars
2025-04-19 14:27:41,936 - INFO - Client 129981748933520 connection closed
2025-04-19 14:28:01,024 - INFO - Client 129980842989888 connected
2025-04-19 14:28:01,615 - ERROR - Unexpected error with client 129980842989888: only one element tensors can be converted to Python scalars
2025-04-19 14:28:01,615 - INFO - Client 129980842989888 connection closed
2025-04-19 14:30:45,069 - INFO - Client 129980843214608 connected
2025-04-19 14:30:56,725 - ERROR - Unexpected error with client 129980843214608: only one element tensors can be converted to Python scalars
2025-04-19 14:30:56,725 - INFO - Client 129980843214608 connection closed
2025-04-19 14:31:28,386 - INFO - Client 129981750539632 connected
2025-04-19 14:31:28,733 - ERROR - Unexpected error with client 129981750539632: only one element tensors can be converted to Python scalars
2025-04-19 14:31:28,733 - INFO - Client 129981750539632 connection closed
2025-04-19 14:31:53,885 - INFO - Client 129980844011088 connected
2025-04-19 14:31:54,345 - ERROR - Unexpected error with client 129980844011088: only one element tensors can be converted to Python scalars
2025-04-19 14:31:54,345 - INFO - Client 129980844011088 connection closed
2025-04-19 14:33:24,305 - INFO - Client 129980842540112 connected
2025-04-19 14:33:25,606 - ERROR - Unexpected error with client 129980842540112: only one element tensors can be converted to Python scalars
2025-04-19 14:33:25,606 - INFO - Client 129980842540112 connection closed
2025-04-19 14:33:53,959 - INFO - Client 134784843379600 connected
2025-04-19 14:33:56,073 - ERROR - Unexpected error with client 134784843379600: only one element tensors can be converted to Python scalars
2025-04-19 14:33:56,073 - INFO - Client 134784843379600 connection closed
2025-04-19 14:36:15,924 - INFO - Client 135048708207504 connected
2025-04-19 15:25:00,576 - INFO - Client 135048708207504 disconnected: 1000, 
2025-04-19 15:25:00,576 - INFO - Client 135048708207504 connection closed
2025-04-19 15:33:37,975 - INFO - Client 135048708574256 connected
2025-04-19 15:34:43,381 - INFO - Client 135048708574256 disconnected: 1000, 
2025-04-19 15:34:43,381 - INFO - Client 135048708574256 connection closed
2025-04-19 15:42:25,659 - INFO - Client 135047871007056 connected
2025-04-19 15:42:26,033 - INFO - Client 135047871007056 disconnected: 1000, 
2025-04-19 15:42:26,033 - INFO - Client 135047871007056 connection closed
2025-04-19 15:42:42,663 - INFO - Client 135048709813344 connected
2025-04-19 15:42:48,703 - INFO - Client 135048709813344 disconnected: 1000, 
2025-04-19 15:42:48,703 - INFO - Client 135048709813344 connection closed
2025-04-19 15:43:00,117 - INFO - Client 135047871834960 connected
2025-04-19 15:43:08,160 - INFO - Client 135047871834960 disconnected: 1000, 
2025-04-19 15:43:08,160 - INFO - Client 135047871834960 connection closed
2025-04-19 15:48:00,141 - INFO - Client 135047871077856 connected
2025-04-19 15:48:02,452 - INFO - Client 135047871077856 disconnected: 1000, 
2025-04-19 15:48:02,453 - INFO - Client 135047871077856 connection closed
2025-04-19 15:48:43,840 - INFO - Client 133708379468688 connected
2025-04-19 15:48:45,267 - ERROR - Unexpected error with client 133708379468688: Object of type bytes is not JSON serializable
2025-04-19 15:48:45,267 - INFO - Client 133708379468688 connection closed
2025-04-19 15:49:08,830 - INFO - Client 133711894228032 connected
2025-04-19 15:49:09,201 - ERROR - Unexpected error with client 133711894228032: Object of type bytes is not JSON serializable
2025-04-19 15:49:09,201 - INFO - Client 133711894228032 connection closed
2025-04-19 15:50:32,316 - INFO - Client 127847218115472 connected
2025-04-19 15:50:33,719 - INFO - Client 127847218115472 disconnected: 1000, 
2025-04-19 15:50:33,719 - INFO - Client 127847218115472 connection closed
2025-04-19 15:51:10,150 - INFO - Client 127846305913760 connected
2025-04-19 15:51:10,524 - ERROR - Unexpected error with client 127846305913760: Object of type bytes is not JSON serializable
2025-04-19 15:51:10,524 - INFO - Client 127846305913760 connection closed
2025-04-19 15:51:50,603 - INFO - Client 127846306136720 connected
2025-04-19 15:51:50,966 - ERROR - Unexpected error with client 127846306136720: Object of type bytes is not JSON serializable
2025-04-19 15:51:50,966 - INFO - Client 127846306136720 connection closed
2025-04-19 15:58:26,786 - INFO - Client 134635261965200 connected
2025-04-19 15:58:28,675 - ERROR - Unexpected error with client 134635261965200: Object of type bytes is not JSON serializable
2025-04-19 15:58:28,675 - INFO - Client 134635261965200 connection closed
2025-04-19 15:58:46,946 - INFO - Client 134634416856272 connected
2025-04-19 15:58:51,689 - INFO - Client 134634416856272 disconnected: 1000, 
2025-04-19 15:58:51,689 - INFO - Client 134634416856272 connection closed
2025-04-19 15:58:56,940 - INFO - Client 134634417096176 connected
2025-04-19 15:59:01,714 - INFO - Client 134634417096176 disconnected: 1000, 
2025-04-19 15:59:01,714 - INFO - Client 134634417096176 connection closed
2025-04-19 16:00:37,504 - INFO - Client 134634418238560 connected
2025-04-19 16:00:37,682 - INFO - Client 134634418238560 disconnected: 1000, 
2025-04-19 16:00:37,682 - INFO - Client 134634418238560 connection closed
2025-04-19 16:00:39,348 - INFO - Client 134634417861712 connected
2025-04-19 16:00:39,707 - ERROR - Unexpected error with client 134634417861712: Object of type bytes is not JSON serializable
2025-04-19 16:00:39,707 - INFO - Client 134634417861712 connection closed
2025-04-19 16:02:07,554 - INFO - Client 134634415342128 connected
2025-04-19 16:02:07,932 - ERROR - Unexpected error with client 134634415342128: Object of type bytes is not JSON serializable
2025-04-19 16:02:07,932 - INFO - Client 134634415342128 connection closed
2025-04-19 16:04:24,171 - INFO - Client 134634417696208 connected
2025-04-19 16:04:24,541 - ERROR - Unexpected error with client 134634417696208: Object of type bytes is not JSON serializable
2025-04-19 16:04:24,541 - INFO - Client 134634417696208 connection closed
2025-04-19 16:06:50,052 - INFO - Client 134886735573904 connected
2025-04-19 16:06:51,517 - INFO - Client 134886735573904 disconnected: 1000, 
2025-04-19 16:06:51,517 - INFO - Client 134886735573904 connection closed
2025-04-19 16:06:55,991 - INFO - Client 134885825469040 connected
2025-04-19 16:06:59,570 - INFO - Client 134885825469040 disconnected: 1000, 
2025-04-19 16:06:59,571 - INFO - Client 134885825469040 connection closed
2025-04-19 16:07:03,036 - INFO - Client 134885825710128 connected
2025-04-19 16:07:04,682 - INFO - Client 134885825710128 disconnected: 1000, 
2025-04-19 16:07:04,682 - INFO - Client 134885825710128 connection closed
2025-04-19 16:07:08,982 - INFO - Client 134885826868048 connected
2025-04-19 16:07:26,494 - INFO - Client 134885826868048 disconnected: 1000, 
2025-04-19 16:07:26,494 - INFO - Client 134885826868048 connection closed
